<?xml version="1.0" encoding="UTF-8"?>
<!-- Generated by org.testng.reporters.JUnitReportReporter -->
<testsuite hostname="DESKTOP-A4K1K6J" failures="0" tests="1" name="com.IFNTUNG.edu.tests.CreateAccountTest" time="7.774" errors="0" timestamp="2022-12-03T13:31:32 EET" skipped="0">
  <testcase classname="com.IFNTUNG.edu.tests.CreateAccountTest" name="createAccountTest" time="7.774"/>
  <system-out/>
</testsuite> <!-- com.IFNTUNG.edu.tests.CreateAccountTest -->
