<?xml version="1.0" encoding="UTF-8"?>
<!-- Generated by org.testng.reporters.JUnitReportReporter -->
<testsuite hostname="DESKTOP-A4K1K6J" failures="0" tests="1" name="com.IFNTUNG.edu.tests.CreateAccountTest" time="2.876" errors="0" timestamp="2022-11-28T00:09:13 EET" skipped="0">
  <testcase classname="com.IFNTUNG.edu.tests.CreateAccountTest" name="createAccountTest" time="2.876"/>
  <system-out/>
</testsuite> <!-- com.IFNTUNG.edu.tests.CreateAccountTest -->
